#
# There is insufficient memory for the Java Runtime Environment to continue.
# Native memory allocation (malloc) failed to allocate 1037056 bytes. Error detail: Chunk::new
# Possible reasons:
#   The system is out of physical RAM or swap space
#   This process is running with CompressedOops enabled, and the Java Heap may be blocking the growth of the native heap
# Possible solutions:
#   Reduce memory load on the system
#   Increase physical memory or swap space
#   Check if swap backing store is full
#   Decrease Java heap size (-Xmx/-Xms)
#   Decrease number of Java threads
#   Decrease Java thread stack sizes (-Xss)
#   Set larger code cache with -XX:ReservedCodeCacheSize=
#   JVM is running with Unscaled Compressed Oops mode in which the Java heap is
#     placed in the first 4GB address space. The Java Heap base address is the
#     maximum limit for the native heap growth. Please use -XX:HeapBaseMinAddress
#     to set the Java Heap base and to place the Java Heap above 4GB virtual address.
# This output file may be truncated or incomplete.
#
#  Out of Memory Error (arena.cpp:191), pid=43188, tid=27976
#
# JRE version: OpenJDK Runtime Environment Temurin-17.0.13+11 (17.0.13+11) (build 17.0.13+11)
# Java VM: OpenJDK 64-Bit Server VM Temurin-17.0.13+11 (17.0.13+11, mixed mode, tiered, compressed oops, compressed class ptrs, parallel gc, windows-amd64)
# No core dump will be written. Minidumps are not enabled by default on client versions of Windows
#

---------------  S U M M A R Y ------------

Command Line: --add-modules=ALL-SYSTEM --add-opens=java.base/java.util=ALL-UNNAMED --add-opens=java.base/java.lang=ALL-UNNAMED --add-opens=java.base/sun.nio.fs=ALL-UNNAMED -Declipse.application=org.eclipse.jdt.ls.core.id1 -Dosgi.bundles.defaultStartLevel=4 -Declipse.product=org.eclipse.jdt.ls.core.product -Djava.import.generatesMetadataFilesAtProjectRoot=false -DDetectVMInstallationsJob.disabled=true -Dfile.encoding=utf8 -XX:+UseParallelGC -XX:GCTimeRatio=4 -XX:AdaptiveSizePolicyWeight=90 -Dsun.zip.disableMemoryMapping=true -Xmx1G -Xms100m -Xlog:disable -javaagent:c:\Users\patil\.vscode\extensions\redhat.java-1.38.0-win32-x64\lombok\lombok-1.18.34.jar c:\Users\patil\.vscode\extensions\redhat.java-1.38.0-win32-x64\server\plugins\org.eclipse.equinox.launcher_1.6.900.v20240613-2009.jar -configuration c:\Users\patil\AppData\Roaming\Code\User\globalStorage\redhat.java\1.38.0\config_ss_win -data c:\Users\patil\AppData\Roaming\Code\User\workspaceStorage\b331a8bfd2d564b408ac26e9b7a8cb40\redhat.java\ss_ws --pipe=\\.\pipe\lsp-10d2b17c511e9915d62d2c43d7562d75-sock

Host: 11th Gen Intel(R) Core(TM) i5-1155G7 @ 2.50GHz, 8 cores, 3G,  Windows 11 , 64 bit Build 22621 (10.0.22621.2506)
Time: Thu Dec 26 11:34:04 2024 India Standard Time elapsed time: 245.058455 seconds (0d 0h 4m 5s)

---------------  T H R E A D  ---------------

Current thread (0x000002d13f17fad0):  JavaThread "C2 CompilerThread0" daemon [_thread_in_native, id=27976, stack(0x000000f3dc400000,0x000000f3dc500000)]


Current CompileTask:
C2: 245058 4924       4       org.lombokweb.asm.ClassReader::readMethod (1066 bytes)

Stack: [0x000000f3dc400000,0x000000f3dc500000]
Native frames: (J=compiled Java code, j=interpreted, Vv=VM code, C=native code)
V  [jvm.dll+0x682a19]
V  [jvm.dll+0x839538]
V  [jvm.dll+0x83afe3]
V  [jvm.dll+0x83b653]
V  [jvm.dll+0x24704f]
V  [jvm.dll+0xace34]
V  [jvm.dll+0xad4cc]
V  [jvm.dll+0x2ac84f]
V  [jvm.dll+0x588a79]
V  [jvm.dll+0x220ea2]
V  [jvm.dll+0x22129f]
V  [jvm.dll+0x21a2b0]
V  [jvm.dll+0x21738b]
V  [jvm.dll+0x1a3070]
V  [jvm.dll+0x22788c]
V  [jvm.dll+0x2259eb]
V  [jvm.dll+0x7eec98]
V  [jvm.dll+0x7e8ffc]
V  [jvm.dll+0x6818f7]
C  [ucrtbase.dll+0x29363]
C  [KERNEL32.DLL+0x1257d]
C  [ntdll.dll+0x5aa58]


---------------  P R O C E S S  ---------------

Threads class SMR info:
_java_thread_list=0x000002d142311c10, length=43, elements={
0x000002d1261c8be0, 0x000002d126278f10, 0x000002d1262799e0, 0x000002d13a05de60,
0x000002d13a05e830, 0x000002d13f1781b0, 0x000002d13f179220, 0x000002d13f17fad0,
0x000002d13f180f90, 0x000002d13f186800, 0x000002d12622d8a0, 0x000002d13f4da4f0,
0x000002d140823050, 0x000002d140aaa8d0, 0x000002d140aa66b0, 0x000002d140dab010,
0x000002d1404bcd20, 0x000002d1404bc300, 0x000002d1404bbdf0, 0x000002d1404baec0,
0x000002d1404ba4a0, 0x000002d1404ba9b0, 0x000002d1404bb8e0, 0x000002d1404bd740,
0x000002d1404bb3d0, 0x000002d1404b9f90, 0x000002d14181ae90, 0x000002d14181b3a0,
0x000002d14181c2d0, 0x000002d1418162a0, 0x000002d14181c7e0, 0x000002d14181b8b0,
0x000002d141818100, 0x000002d141818610, 0x000002d141819030, 0x000002d14181bdc0,
0x000002d14181a980, 0x000002d141819540, 0x000002d141819a50, 0x000002d141816cc0,
0x000002d14181ccf0, 0x000002d14181d200, 0x000002d141819f60
}

Java Threads: ( => current thread )
  0x000002d1261c8be0 JavaThread "main" [_thread_blocked, id=39520, stack(0x000000f3dbb00000,0x000000f3dbc00000)]
  0x000002d126278f10 JavaThread "Reference Handler" daemon [_thread_blocked, id=26024, stack(0x000000f3dbe00000,0x000000f3dbf00000)]
  0x000002d1262799e0 JavaThread "Finalizer" daemon [_thread_blocked, id=32660, stack(0x000000f3dbf00000,0x000000f3dc000000)]
  0x000002d13a05de60 JavaThread "Signal Dispatcher" daemon [_thread_blocked, id=22996, stack(0x000000f3dc000000,0x000000f3dc100000)]
  0x000002d13a05e830 JavaThread "Attach Listener" daemon [_thread_blocked, id=38516, stack(0x000000f3dc100000,0x000000f3dc200000)]
  0x000002d13f1781b0 JavaThread "Service Thread" daemon [_thread_blocked, id=22476, stack(0x000000f3dc200000,0x000000f3dc300000)]
  0x000002d13f179220 JavaThread "Monitor Deflation Thread" daemon [_thread_blocked, id=43144, stack(0x000000f3dc300000,0x000000f3dc400000)]
=>0x000002d13f17fad0 JavaThread "C2 CompilerThread0" daemon [_thread_in_native, id=27976, stack(0x000000f3dc400000,0x000000f3dc500000)]
  0x000002d13f180f90 JavaThread "C1 CompilerThread0" daemon [_thread_in_native, id=41464, stack(0x000000f3dc500000,0x000000f3dc600000)]
  0x000002d13f186800 JavaThread "Sweeper thread" daemon [_thread_blocked, id=38092, stack(0x000000f3dc600000,0x000000f3dc700000)]
  0x000002d12622d8a0 JavaThread "Common-Cleaner" daemon [_thread_blocked, id=9916, stack(0x000000f3dc700000,0x000000f3dc800000)]
  0x000002d13f4da4f0 JavaThread "Notification Thread" daemon [_thread_blocked, id=36076, stack(0x000000f3dc800000,0x000000f3dc900000)]
  0x000002d140823050 JavaThread "Active Thread: Equinox Container: ccaf1dd1-2f16-4803-b70c-4eb64ba610e3" [_thread_blocked, id=21340, stack(0x000000f3dd000000,0x000000f3dd100000)]
  0x000002d140aaa8d0 JavaThread "Framework Event Dispatcher: Equinox Container: ccaf1dd1-2f16-4803-b70c-4eb64ba610e3" daemon [_thread_blocked, id=41088, stack(0x000000f3dd100000,0x000000f3dd200000)]
  0x000002d140aa66b0 JavaThread "Start Level: Equinox Container: ccaf1dd1-2f16-4803-b70c-4eb64ba610e3" daemon [_thread_blocked, id=40240, stack(0x000000f3dd200000,0x000000f3dd300000)]
  0x000002d140dab010 JavaThread "SCR Component Actor" daemon [_thread_blocked, id=34636, stack(0x000000f3dd300000,0x000000f3dd400000)]
  0x000002d1404bcd20 JavaThread "Worker-JM" [_thread_blocked, id=27476, stack(0x000000f3dd600000,0x000000f3dd700000)]
  0x000002d1404bc300 JavaThread "Worker-0" [_thread_blocked, id=20776, stack(0x000000f3dd700000,0x000000f3dd800000)]
  0x000002d1404bbdf0 JavaThread "Worker-1: Building" [_thread_in_vm, id=30664, stack(0x000000f3dd800000,0x000000f3dd900000)]
  0x000002d1404baec0 JavaThread "JNA Cleaner" daemon [_thread_blocked, id=25848, stack(0x000000f3dd900000,0x000000f3dda00000)]
  0x000002d1404ba4a0 JavaThread "Thread-2" daemon [_thread_in_native, id=39676, stack(0x000000f3dda00000,0x000000f3ddb00000)]
  0x000002d1404ba9b0 JavaThread "Thread-3" daemon [_thread_in_native, id=39760, stack(0x000000f3ddb00000,0x000000f3ddc00000)]
  0x000002d1404bb8e0 JavaThread "Thread-4" daemon [_thread_in_native, id=35812, stack(0x000000f3ddc00000,0x000000f3ddd00000)]
  0x000002d1404bd740 JavaThread "Thread-5" daemon [_thread_in_native, id=27216, stack(0x000000f3ddd00000,0x000000f3dde00000)]
  0x000002d1404bb3d0 JavaThread "Thread-6" daemon [_thread_in_native, id=7260, stack(0x000000f3dde00000,0x000000f3ddf00000)]
  0x000002d1404b9f90 JavaThread "Thread-7" daemon [_thread_in_native, id=34216, stack(0x000000f3ddf00000,0x000000f3de000000)]
  0x000002d14181ae90 JavaThread "Thread-8" daemon [_thread_in_native, id=34480, stack(0x000000f3de000000,0x000000f3de100000)]
  0x000002d14181b3a0 JavaThread "Thread-9" daemon [_thread_in_native, id=26364, stack(0x000000f3de100000,0x000000f3de200000)]
  0x000002d14181c2d0 JavaThread "Thread-10" daemon [_thread_in_native, id=37904, stack(0x000000f3de200000,0x000000f3de300000)]
  0x000002d1418162a0 JavaThread "pool-2-thread-1" [_thread_blocked, id=43300, stack(0x000000f3de300000,0x000000f3de400000)]
  0x000002d14181c7e0 JavaThread "WorkspaceEventsHandler" [_thread_blocked, id=46136, stack(0x000000f3de400000,0x000000f3de500000)]
  0x000002d14181b8b0 JavaThread "pool-1-thread-1" [_thread_blocked, id=46400, stack(0x000000f3de500000,0x000000f3de600000)]
  0x000002d141818100 JavaThread "ForkJoinPool.commonPool-worker-1" daemon [_thread_blocked, id=32248, stack(0x000000f3db800000,0x000000f3db900000)]
  0x000002d141818610 JavaThread "ForkJoinPool.commonPool-worker-2" daemon [_thread_in_Java, id=34944, stack(0x000000f3dba00000,0x000000f3dbb00000)]
  0x000002d141819030 JavaThread "ForkJoinPool.commonPool-worker-3" daemon [_thread_blocked, id=36208, stack(0x000000f3dd500000,0x000000f3dd600000)]
  0x000002d14181bdc0 JavaThread "ForkJoinPool.commonPool-worker-4" daemon [_thread_blocked, id=37024, stack(0x000000f3de600000,0x000000f3de700000)]
  0x000002d14181a980 JavaThread "Compiler Source File Reader" daemon [_thread_blocked, id=39712, stack(0x000000f3db900000,0x000000f3dba00000)]
  0x000002d141819540 JavaThread "Compiler Source File Reader" daemon [_thread_blocked, id=43384, stack(0x000000f3de700000,0x000000f3de800000)]
  0x000002d141819a50 JavaThread "Compiler Source File Reader" daemon [_thread_blocked, id=40152, stack(0x000000f3de800000,0x000000f3de900000)]
  0x000002d141816cc0 JavaThread "Compiler Source File Reader" daemon [_thread_blocked, id=17100, stack(0x000000f3de900000,0x000000f3dea00000)]
  0x000002d14181ccf0 JavaThread "Compiler Source File Reader" daemon [_thread_blocked, id=43376, stack(0x000000f3dea00000,0x000000f3deb00000)]
  0x000002d14181d200 JavaThread "Compiler Source File Reader" daemon [_thread_blocked, id=37468, stack(0x000000f3deb00000,0x000000f3dec00000)]
  0x000002d141819f60 JavaThread "Worker-3" [_thread_blocked, id=46276, stack(0x000000f3dec00000,0x000000f3ded00000)]

Other Threads:
  0x000002d1262547b0 VMThread "VM Thread" [stack: 0x000000f3dbd00000,0x000000f3dbe00000] [id=12088]
  0x000002d13f4da9d0 WatcherThread [stack: 0x000000f3dc900000,0x000000f3dca00000] [id=45924]
  0x000002d1261dff70 GCTaskThread "GC Thread#0" [stack: 0x000000f3dbc00000,0x000000f3dbd00000] [id=39552]
  0x000002d140709480 GCTaskThread "GC Thread#1" [stack: 0x000000f3dca00000,0x000000f3dcb00000] [id=42132]
  0x000002d140a10010 GCTaskThread "GC Thread#2" [stack: 0x000000f3dcb00000,0x000000f3dcc00000] [id=37520]
  0x000002d14060bea0 GCTaskThread "GC Thread#3" [stack: 0x000000f3dcc00000,0x000000f3dcd00000] [id=42652]
  0x000002d14060c160 GCTaskThread "GC Thread#4" [stack: 0x000000f3dcd00000,0x000000f3dce00000] [id=32332]
  0x000002d14060c420 GCTaskThread "GC Thread#5" [stack: 0x000000f3dce00000,0x000000f3dcf00000] [id=26352]
  0x000002d14060c6e0 GCTaskThread "GC Thread#6" [stack: 0x000000f3dcf00000,0x000000f3dd000000] [id=35700]
  0x000002d1404db810 GCTaskThread "GC Thread#7" [stack: 0x000000f3dd400000,0x000000f3dd500000] [id=45664]

Threads with active compile tasks:
C2 CompilerThread0   245105 4924       4       org.lombokweb.asm.ClassReader::readMethod (1066 bytes)
C1 CompilerThread0   245105 5049       3       org.eclipse.jdt.internal.compiler.parser.Scanner::internalScanIdentifierOrKeyword (4943 bytes)

VM state: not at safepoint (normal execution)

VM Mutex/Monitor currently owned by a thread: None

Heap address: 0x00000000c0000000, size: 1024 MB, Compressed Oops mode: 32-bit

CDS archive(s) not mapped
Compressed class space mapped at: 0x0000000100000000-0x0000000140000000, reserved size: 1073741824
Narrow klass base: 0x0000000000000000, Narrow klass shift: 3, Narrow klass range: 0x140000000

GC Precious Log:
 CPUs: 8 total, 8 available
 Memory: 3738M
 Large Page Support: Disabled
 NUMA Support: Disabled
 Compressed Oops: Enabled (32-bit)
 Alignments: Space 512K, Generation 512K, Heap 2M
 Heap Min Capacity: 100M
 Heap Initial Capacity: 100M
 Heap Max Capacity: 1G
 Pre-touch: Disabled
 Parallel Workers: 8

Heap:
 PSYoungGen      total 23552K, used 16757K [0x00000000eab00000, 0x00000000ec680000, 0x0000000100000000)
  eden space 20992K, 70% used [0x00000000eab00000,0x00000000eb95d5a8,0x00000000ebf80000)
  from space 2560K, 80% used [0x00000000ec400000,0x00000000ec600010,0x00000000ec680000)
  to   space 3072K, 0% used [0x00000000ec080000,0x00000000ec080000,0x00000000ec380000)
 ParOldGen       total 68608K, used 31010K [0x00000000c0000000, 0x00000000c4300000, 0x00000000eab00000)
  object space 68608K, 45% used [0x00000000c0000000,0x00000000c1e48b50,0x00000000c4300000)
 Metaspace       used 47497K, committed 48320K, reserved 1114112K
  class space    used 4784K, committed 5184K, reserved 1048576K

Card table byte_map: [0x000002d125b60000,0x000002d125d70000] _byte_map_base: 0x000002d125560000

Marking Bits: (ParMarkBitMap*) 0x00007ff843866940
 Begin Bits: [0x000002d137e60000, 0x000002d138e60000)
 End Bits:   [0x000002d138e60000, 0x000002d139e60000)

Polling page: 0x000002d124110000

Metaspace:

Usage:
  Non-class:     41.71 MB used.
      Class:      4.67 MB used.
       Both:     46.38 MB used.

Virtual space:
  Non-class space:       64.00 MB reserved,      42.12 MB ( 66%) committed,  1 nodes.
      Class space:        1.00 GB reserved,       5.06 MB ( <1%) committed,  1 nodes.
             Both:        1.06 GB reserved,      47.19 MB (  4%) committed. 

Chunk freelists:
   Non-Class:  4.98 MB
       Class:  10.95 MB
        Both:  15.94 MB

MaxMetaspaceSize: unlimited
CompressedClassSpaceSize: 1.00 GB
Initial GC threshold: 21.00 MB
Current GC threshold: 58.38 MB
CDS: off
MetaspaceReclaimPolicy: balanced
 - commit_granule_bytes: 65536.
 - commit_granule_words: 8192.
 - virtual_space_node_default_size: 8388608.
 - enlarge_chunks_in_place: 1.
 - new_chunks_are_fully_committed: 0.
 - uncommit_free_chunks: 1.
 - use_allocation_guard: 0.
 - handle_deallocations: 1.


Internal statistics:

num_allocs_failed_limit: 6.
num_arena_births: 516.
num_arena_deaths: 14.
num_vsnodes_births: 2.
num_vsnodes_deaths: 0.
num_space_committed: 755.
num_space_uncommitted: 0.
num_chunks_returned_to_freelist: 20.
num_chunks_taken_from_freelist: 2132.
num_chunk_merges: 9.
num_chunk_splits: 1388.
num_chunks_enlarged: 901.
num_inconsistent_stats: 0.

CodeHeap 'non-profiled nmethods': size=120000Kb used=2402Kb max_used=2402Kb free=117597Kb
 bounds [0x000002d130930000, 0x000002d130ba0000, 0x000002d137e60000]
CodeHeap 'profiled nmethods': size=120000Kb used=10302Kb max_used=10302Kb free=109698Kb
 bounds [0x000002d128e60000, 0x000002d129870000, 0x000002d130390000]
CodeHeap 'non-nmethods': size=5760Kb used=1347Kb max_used=1387Kb free=4412Kb
 bounds [0x000002d130390000, 0x000002d130600000, 0x000002d130930000]
 total_blobs=5672 nmethods=4995 adapters=590
 compilation: enabled
              stopped_count=0, restarted_count=0
 full_count=0

Compilation events (20 events):
Event: 245.018 Thread 0x000002d13f180f90 5005       2       lombok.core.configuration.ConfigurationFile$RegularConfigurationFile::parent (39 bytes)
Event: 245.019 Thread 0x000002d13f180f90 nmethod 5005 0x000002d129843e10 code [0x000002d129843fe0, 0x000002d1298442a8]
Event: 245.019 Thread 0x000002d13f180f90 5007       3       org.eclipse.jdt.internal.compiler.parser.Parser::actFromTokenOrSynthetic (9 bytes)
Event: 245.019 Thread 0x000002d13f180f90 nmethod 5007 0x000002d129844490 code [0x000002d129844640, 0x000002d129844898]
Event: 245.019 Thread 0x000002d13f180f90 5006   !   2       lombok.core.configuration.FileSystemSourceCache::parseIfNeccesary (124 bytes)
Event: 245.020 Thread 0x000002d13f180f90 nmethod 5006 0x000002d129844a10 code [0x000002d129844be0, 0x000002d129844f88]
Event: 245.024 Thread 0x000002d13f180f90 5009       2       org.eclipse.jdt.internal.compiler.ast.ASTNode::<init> (11 bytes)
Event: 245.025 Thread 0x000002d13f180f90 nmethod 5009 0x000002d129845190 code [0x000002d129845320, 0x000002d129845438]
Event: 245.025 Thread 0x000002d13f180f90 5010       2       lombok.core.LombokImmutableList$1::next (43 bytes)
Event: 245.025 Thread 0x000002d13f180f90 nmethod 5010 0x000002d129845510 code [0x000002d1298456c0, 0x000002d1298458c8]
Event: 245.025 Thread 0x000002d13f180f90 5011       2       lombok.core.LombokImmutableList::iterator (9 bytes)
Event: 245.025 Thread 0x000002d13f180f90 nmethod 5011 0x000002d129845a10 code [0x000002d129845ba0, 0x000002d129845d18]
Event: 245.025 Thread 0x000002d13f180f90 5012       2       lombok.core.LombokImmutableList$1::<init> (15 bytes)
Event: 245.026 Thread 0x000002d13f180f90 nmethod 5012 0x000002d129845e10 code [0x000002d129845fa0, 0x000002d1298460d8]
Event: 245.026 Thread 0x000002d13f180f90 5014       2       lombok.core.configuration.ConfigurationFile::equals (24 bytes)
Event: 245.026 Thread 0x000002d13f180f90 nmethod 5014 0x000002d129846190 code [0x000002d129846340, 0x000002d129846528]
Event: 245.026 Thread 0x000002d13f180f90 5013       1       lombok.core.AST::getImportList (5 bytes)
Event: 245.026 Thread 0x000002d13f180f90 nmethod 5013 0x000002d130b88890 code [0x000002d130b88a20, 0x000002d130b88af8]
Event: 245.041 Thread 0x000002d13f180f90 5016   !   2       java.util.regex.Pattern::closure (276 bytes)
Event: 245.042 Thread 0x000002d13f180f90 nmethod 5016 0x000002d129846610 code [0x000002d129846900, 0x000002d129847448]

GC Heap History (20 events):
Event: 243.594 GC heap before
{Heap before GC invocations=16 (full 2):
 PSYoungGen      total 23040K, used 23024K [0x00000000eab00000, 0x00000000ec580000, 0x0000000100000000)
  eden space 22016K, 100% used [0x00000000eab00000,0x00000000ec080000,0x00000000ec080000)
  from space 1024K, 98% used [0x00000000ec400000,0x00000000ec4fc030,0x00000000ec500000)
  to   space 512K, 0% used [0x00000000ec500000,0x00000000ec500000,0x00000000ec580000)
 ParOldGen       total 68608K, used 14863K [0x00000000c0000000, 0x00000000c4300000, 0x00000000eab00000)
  object space 68608K, 21% used [0x00000000c0000000,0x00000000c0e83cc8,0x00000000c4300000)
 Metaspace       used 39139K, committed 39936K, reserved 1114112K
  class space    used 3944K, committed 4288K, reserved 1048576K
}
Event: 243.597 GC heap after
{Heap after GC invocations=16 (full 2):
 PSYoungGen      total 22528K, used 497K [0x00000000eab00000, 0x00000000ec780000, 0x0000000100000000)
  eden space 22016K, 0% used [0x00000000eab00000,0x00000000eab00000,0x00000000ec080000)
  from space 512K, 97% used [0x00000000ec500000,0x00000000ec57c420,0x00000000ec580000)
  to   space 3584K, 0% used [0x00000000ec080000,0x00000000ec080000,0x00000000ec400000)
 ParOldGen       total 68608K, used 17191K [0x00000000c0000000, 0x00000000c4300000, 0x00000000eab00000)
  object space 68608K, 25% used [0x00000000c0000000,0x00000000c10c9cf8,0x00000000c4300000)
 Metaspace       used 39139K, committed 39936K, reserved 1114112K
  class space    used 3944K, committed 4288K, reserved 1048576K
}
Event: 243.674 GC heap before
{Heap before GC invocations=17 (full 2):
 PSYoungGen      total 22528K, used 22513K [0x00000000eab00000, 0x00000000ec780000, 0x0000000100000000)
  eden space 22016K, 100% used [0x00000000eab00000,0x00000000ec080000,0x00000000ec080000)
  from space 512K, 97% used [0x00000000ec500000,0x00000000ec57c420,0x00000000ec580000)
  to   space 3584K, 0% used [0x00000000ec080000,0x00000000ec080000,0x00000000ec400000)
 ParOldGen       total 68608K, used 17191K [0x00000000c0000000, 0x00000000c4300000, 0x00000000eab00000)
  object space 68608K, 25% used [0x00000000c0000000,0x00000000c10c9cf8,0x00000000c4300000)
 Metaspace       used 39223K, committed 40000K, reserved 1114112K
  class space    used 3947K, committed 4288K, reserved 1048576K
}
Event: 243.679 GC heap after
{Heap after GC invocations=17 (full 2):
 PSYoungGen      total 24576K, used 2082K [0x00000000eab00000, 0x00000000ec580000, 0x0000000100000000)
  eden space 22016K, 0% used [0x00000000eab00000,0x00000000eab00000,0x00000000ec080000)
  from space 2560K, 81% used [0x00000000ec080000,0x00000000ec288800,0x00000000ec300000)
  to   space 2560K, 0% used [0x00000000ec300000,0x00000000ec300000,0x00000000ec580000)
 ParOldGen       total 68608K, used 17663K [0x00000000c0000000, 0x00000000c4300000, 0x00000000eab00000)
  object space 68608K, 25% used [0x00000000c0000000,0x00000000c113fd18,0x00000000c4300000)
 Metaspace       used 39223K, committed 40000K, reserved 1114112K
  class space    used 3947K, committed 4288K, reserved 1048576K
}
Event: 243.857 GC heap before
{Heap before GC invocations=18 (full 2):
 PSYoungGen      total 24576K, used 24098K [0x00000000eab00000, 0x00000000ec580000, 0x0000000100000000)
  eden space 22016K, 100% used [0x00000000eab00000,0x00000000ec080000,0x00000000ec080000)
  from space 2560K, 81% used [0x00000000ec080000,0x00000000ec288800,0x00000000ec300000)
  to   space 2560K, 0% used [0x00000000ec300000,0x00000000ec300000,0x00000000ec580000)
 ParOldGen       total 68608K, used 17663K [0x00000000c0000000, 0x00000000c4300000, 0x00000000eab00000)
  object space 68608K, 25% used [0x00000000c0000000,0x00000000c113fd18,0x00000000c4300000)
 Metaspace       used 40457K, committed 41280K, reserved 1114112K
  class space    used 4104K, committed 4480K, reserved 1048576K
}
Event: 243.863 GC heap after
{Heap after GC invocations=18 (full 2):
 PSYoungGen      total 24064K, used 1769K [0x00000000eab00000, 0x00000000ec500000, 0x0000000100000000)
  eden space 22016K, 0% used [0x00000000eab00000,0x00000000eab00000,0x00000000ec080000)
  from space 2048K, 86% used [0x00000000ec300000,0x00000000ec4ba788,0x00000000ec500000)
  to   space 2048K, 0% used [0x00000000ec100000,0x00000000ec100000,0x00000000ec300000)
 ParOldGen       total 68608K, used 19569K [0x00000000c0000000, 0x00000000c4300000, 0x00000000eab00000)
  object space 68608K, 28% used [0x00000000c0000000,0x00000000c131c518,0x00000000c4300000)
 Metaspace       used 40457K, committed 41280K, reserved 1114112K
  class space    used 4104K, committed 4480K, reserved 1048576K
}
Event: 244.183 GC heap before
{Heap before GC invocations=19 (full 2):
 PSYoungGen      total 24064K, used 23785K [0x00000000eab00000, 0x00000000ec500000, 0x0000000100000000)
  eden space 22016K, 100% used [0x00000000eab00000,0x00000000ec080000,0x00000000ec080000)
  from space 2048K, 86% used [0x00000000ec300000,0x00000000ec4ba788,0x00000000ec500000)
  to   space 2048K, 0% used [0x00000000ec100000,0x00000000ec100000,0x00000000ec300000)
 ParOldGen       total 68608K, used 19569K [0x00000000c0000000, 0x00000000c4300000, 0x00000000eab00000)
  object space 68608K, 28% used [0x00000000c0000000,0x00000000c131c518,0x00000000c4300000)
 Metaspace       used 41827K, committed 42624K, reserved 1114112K
  class space    used 4281K, committed 4672K, reserved 1048576K
}
Event: 244.185 GC heap after
{Heap after GC invocations=19 (full 2):
 PSYoungGen      total 22528K, used 448K [0x00000000eab00000, 0x00000000ec380000, 0x0000000100000000)
  eden space 22016K, 0% used [0x00000000eab00000,0x00000000eab00000,0x00000000ec080000)
  from space 512K, 87% used [0x00000000ec100000,0x00000000ec170000,0x00000000ec180000)
  to   space 1024K, 0% used [0x00000000ec280000,0x00000000ec280000,0x00000000ec380000)
 ParOldGen       total 68608K, used 21185K [0x00000000c0000000, 0x00000000c4300000, 0x00000000eab00000)
  object space 68608K, 30% used [0x00000000c0000000,0x00000000c14b0760,0x00000000c4300000)
 Metaspace       used 41827K, committed 42624K, reserved 1114112K
  class space    used 4281K, committed 4672K, reserved 1048576K
}
Event: 244.464 GC heap before
{Heap before GC invocations=20 (full 2):
 PSYoungGen      total 22528K, used 22464K [0x00000000eab00000, 0x00000000ec380000, 0x0000000100000000)
  eden space 22016K, 100% used [0x00000000eab00000,0x00000000ec080000,0x00000000ec080000)
  from space 512K, 87% used [0x00000000ec100000,0x00000000ec170000,0x00000000ec180000)
  to   space 1024K, 0% used [0x00000000ec280000,0x00000000ec280000,0x00000000ec380000)
 ParOldGen       total 68608K, used 21185K [0x00000000c0000000, 0x00000000c4300000, 0x00000000eab00000)
  object space 68608K, 30% used [0x00000000c0000000,0x00000000c14b0760,0x00000000c4300000)
 Metaspace       used 43433K, committed 44352K, reserved 1114112K
  class space    used 4421K, committed 4864K, reserved 1048576K
}
Event: 244.467 GC heap after
{Heap after GC invocations=20 (full 2):
 PSYoungGen      total 22016K, used 992K [0x00000000eab00000, 0x00000000ec680000, 0x0000000100000000)
  eden space 20992K, 0% used [0x00000000eab00000,0x00000000eab00000,0x00000000ebf80000)
  from space 1024K, 96% used [0x00000000ec280000,0x00000000ec378008,0x00000000ec380000)
  to   space 3072K, 0% used [0x00000000ebf80000,0x00000000ebf80000,0x00000000ec280000)
 ParOldGen       total 68608K, used 22711K [0x00000000c0000000, 0x00000000c4300000, 0x00000000eab00000)
  object space 68608K, 33% used [0x00000000c0000000,0x00000000c162dc70,0x00000000c4300000)
 Metaspace       used 43433K, committed 44352K, reserved 1114112K
  class space    used 4421K, committed 4864K, reserved 1048576K
}
Event: 244.851 GC heap before
{Heap before GC invocations=21 (full 2):
 PSYoungGen      total 22016K, used 21966K [0x00000000eab00000, 0x00000000ec680000, 0x0000000100000000)
  eden space 20992K, 99% used [0x00000000eab00000,0x00000000ebf7ba80,0x00000000ebf80000)
  from space 1024K, 96% used [0x00000000ec280000,0x00000000ec378008,0x00000000ec380000)
  to   space 3072K, 0% used [0x00000000ebf80000,0x00000000ebf80000,0x00000000ec280000)
 ParOldGen       total 68608K, used 22711K [0x00000000c0000000, 0x00000000c4300000, 0x00000000eab00000)
  object space 68608K, 33% used [0x00000000c0000000,0x00000000c162dc70,0x00000000c4300000)
 Metaspace       used 45187K, committed 46016K, reserved 1114112K
  class space    used 4576K, committed 4992K, reserved 1048576K
}
Event: 244.855 GC heap after
{Heap after GC invocations=21 (full 2):
 PSYoungGen      total 24064K, used 3061K [0x00000000eab00000, 0x00000000ec980000, 0x0000000100000000)
  eden space 20992K, 0% used [0x00000000eab00000,0x00000000eab00000,0x00000000ebf80000)
  from space 3072K, 99% used [0x00000000ebf80000,0x00000000ec27d6e8,0x00000000ec280000)
  to   space 5120K, 0% used [0x00000000ec480000,0x00000000ec480000,0x00000000ec980000)
 ParOldGen       total 68608K, used 23940K [0x00000000c0000000, 0x00000000c4300000, 0x00000000eab00000)
  object space 68608K, 34% used [0x00000000c0000000,0x00000000c1761330,0x00000000c4300000)
 Metaspace       used 45187K, committed 46016K, reserved 1114112K
  class space    used 4576K, committed 4992K, reserved 1048576K
}
Event: 244.911 GC heap before
{Heap before GC invocations=22 (full 2):
 PSYoungGen      total 24064K, used 24053K [0x00000000eab00000, 0x00000000ec980000, 0x0000000100000000)
  eden space 20992K, 100% used [0x00000000eab00000,0x00000000ebf80000,0x00000000ebf80000)
  from space 3072K, 99% used [0x00000000ebf80000,0x00000000ec27d6e8,0x00000000ec280000)
  to   space 5120K, 0% used [0x00000000ec480000,0x00000000ec480000,0x00000000ec980000)
 ParOldGen       total 68608K, used 23940K [0x00000000c0000000, 0x00000000c4300000, 0x00000000eab00000)
  object space 68608K, 34% used [0x00000000c0000000,0x00000000c1761330,0x00000000c4300000)
 Metaspace       used 46201K, committed 47040K, reserved 1114112K
  class space    used 4658K, committed 5056K, reserved 1048576K
}
Event: 244.914 GC heap after
{Heap after GC invocations=22 (full 2):
 PSYoungGen      total 23040K, used 1673K [0x00000000eab00000, 0x00000000ec680000, 0x0000000100000000)
  eden space 20992K, 0% used [0x00000000eab00000,0x00000000eab00000,0x00000000ebf80000)
  from space 2048K, 81% used [0x00000000ec480000,0x00000000ec622508,0x00000000ec680000)
  to   space 3072K, 0% used [0x00000000ec080000,0x00000000ec080000,0x00000000ec380000)
 ParOldGen       total 68608K, used 26038K [0x00000000c0000000, 0x00000000c4300000, 0x00000000eab00000)
  object space 68608K, 37% used [0x00000000c0000000,0x00000000c196db58,0x00000000c4300000)
 Metaspace       used 46201K, committed 47040K, reserved 1114112K
  class space    used 4658K, committed 5056K, reserved 1048576K
}
Event: 244.941 GC heap before
{Heap before GC invocations=23 (full 2):
 PSYoungGen      total 23040K, used 22665K [0x00000000eab00000, 0x00000000ec680000, 0x0000000100000000)
  eden space 20992K, 100% used [0x00000000eab00000,0x00000000ebf80000,0x00000000ebf80000)
  from space 2048K, 81% used [0x00000000ec480000,0x00000000ec622508,0x00000000ec680000)
  to   space 3072K, 0% used [0x00000000ec080000,0x00000000ec080000,0x00000000ec380000)
 ParOldGen       total 68608K, used 26038K [0x00000000c0000000, 0x00000000c4300000, 0x00000000eab00000)
  object space 68608K, 37% used [0x00000000c0000000,0x00000000c196db58,0x00000000c4300000)
 Metaspace       used 46209K, committed 47040K, reserved 1114112K
  class space    used 4658K, committed 5056K, reserved 1048576K
}
Event: 244.943 GC heap after
{Heap after GC invocations=23 (full 2):
 PSYoungGen      total 22528K, used 1321K [0x00000000eab00000, 0x00000000ec500000, 0x0000000100000000)
  eden space 20992K, 0% used [0x00000000eab00000,0x00000000eab00000,0x00000000ebf80000)
  from space 1536K, 86% used [0x00000000ec080000,0x00000000ec1ca4c8,0x00000000ec200000)
  to   space 2048K, 0% used [0x00000000ec300000,0x00000000ec300000,0x00000000ec500000)
 ParOldGen       total 68608K, used 26652K [0x00000000c0000000, 0x00000000c4300000, 0x00000000eab00000)
  object space 68608K, 38% used [0x00000000c0000000,0x00000000c1a07138,0x00000000c4300000)
 Metaspace       used 46209K, committed 47040K, reserved 1114112K
  class space    used 4658K, committed 5056K, reserved 1048576K
}
Event: 244.977 GC heap before
{Heap before GC invocations=24 (full 2):
 PSYoungGen      total 22528K, used 22313K [0x00000000eab00000, 0x00000000ec500000, 0x0000000100000000)
  eden space 20992K, 100% used [0x00000000eab00000,0x00000000ebf80000,0x00000000ebf80000)
  from space 1536K, 86% used [0x00000000ec080000,0x00000000ec1ca4c8,0x00000000ec200000)
  to   space 2048K, 0% used [0x00000000ec300000,0x00000000ec300000,0x00000000ec500000)
 ParOldGen       total 68608K, used 26652K [0x00000000c0000000, 0x00000000c4300000, 0x00000000eab00000)
  object space 68608K, 38% used [0x00000000c0000000,0x00000000c1a07138,0x00000000c4300000)
 Metaspace       used 46782K, committed 47616K, reserved 1114112K
  class space    used 4711K, committed 5120K, reserved 1048576K
}
Event: 244.979 GC heap after
{Heap after GC invocations=24 (full 2):
 PSYoungGen      total 23040K, used 1632K [0x00000000eab00000, 0x00000000ec500000, 0x0000000100000000)
  eden space 20992K, 0% used [0x00000000eab00000,0x00000000eab00000,0x00000000ebf80000)
  from space 2048K, 79% used [0x00000000ec300000,0x00000000ec498000,0x00000000ec500000)
  to   space 2048K, 0% used [0x00000000ec100000,0x00000000ec100000,0x00000000ec300000)
 ParOldGen       total 68608K, used 27280K [0x00000000c0000000, 0x00000000c4300000, 0x00000000eab00000)
  object space 68608K, 39% used [0x00000000c0000000,0x00000000c1aa4238,0x00000000c4300000)
 Metaspace       used 46782K, committed 47616K, reserved 1114112K
  class space    used 4711K, committed 5120K, reserved 1048576K
}
Event: 245.028 GC heap before
{Heap before GC invocations=25 (full 2):
 PSYoungGen      total 23040K, used 22624K [0x00000000eab00000, 0x00000000ec500000, 0x0000000100000000)
  eden space 20992K, 100% used [0x00000000eab00000,0x00000000ebf80000,0x00000000ebf80000)
  from space 2048K, 79% used [0x00000000ec300000,0x00000000ec498000,0x00000000ec500000)
  to   space 2048K, 0% used [0x00000000ec100000,0x00000000ec100000,0x00000000ec300000)
 ParOldGen       total 68608K, used 27280K [0x00000000c0000000, 0x00000000c4300000, 0x00000000eab00000)
  object space 68608K, 39% used [0x00000000c0000000,0x00000000c1aa4238,0x00000000c4300000)
 Metaspace       used 47225K, committed 48064K, reserved 1114112K
  class space    used 4753K, committed 5184K, reserved 1048576K
}
Event: 245.032 GC heap after
{Heap after GC invocations=25 (full 2):
 PSYoungGen      total 23040K, used 2020K [0x00000000eab00000, 0x00000000ec880000, 0x0000000100000000)
  eden space 20992K, 0% used [0x00000000eab00000,0x00000000eab00000,0x00000000ebf80000)
  from space 2048K, 98% used [0x00000000ec100000,0x00000000ec2f9000,0x00000000ec300000)
  to   space 4608K, 0% used [0x00000000ec400000,0x00000000ec400000,0x00000000ec880000)
 ParOldGen       total 68608K, used 28992K [0x00000000c0000000, 0x00000000c4300000, 0x00000000eab00000)
  object space 68608K, 42% used [0x00000000c0000000,0x00000000c1c50238,0x00000000c4300000)
 Metaspace       used 47225K, committed 48064K, reserved 1114112K
  class space    used 4753K, committed 5184K, reserved 1048576K
}

Dll operation events (10 events):
Event: 0.012 Loaded shared library c:\Users\patil\.vscode\extensions\redhat.java-1.38.0-win32-x64\jre\17.0.13-win32-x86_64\bin\java.dll
Event: 0.164 Loaded shared library c:\Users\patil\.vscode\extensions\redhat.java-1.38.0-win32-x64\jre\17.0.13-win32-x86_64\bin\zip.dll
Event: 0.168 Loaded shared library C:\Users\patil\.vscode\extensions\redhat.java-1.38.0-win32-x64\jre\17.0.13-win32-x86_64\bin\instrument.dll
Event: 0.184 Loaded shared library C:\Users\patil\.vscode\extensions\redhat.java-1.38.0-win32-x64\jre\17.0.13-win32-x86_64\bin\net.dll
Event: 0.187 Loaded shared library C:\Users\patil\.vscode\extensions\redhat.java-1.38.0-win32-x64\jre\17.0.13-win32-x86_64\bin\nio.dll
Event: 0.197 Loaded shared library C:\Users\patil\.vscode\extensions\redhat.java-1.38.0-win32-x64\jre\17.0.13-win32-x86_64\bin\zip.dll
Event: 0.220 Loaded shared library C:\Users\patil\.vscode\extensions\redhat.java-1.38.0-win32-x64\jre\17.0.13-win32-x86_64\bin\jimage.dll
Event: 0.316 Loaded shared library c:\Users\patil\.vscode\extensions\redhat.java-1.38.0-win32-x64\jre\17.0.13-win32-x86_64\bin\verify.dll
Event: 1.901 Loaded shared library C:\Users\patil\AppData\Roaming\Code\User\globalStorage\redhat.java\1.38.0\config_ss_win\org.eclipse.equinox.launcher\org.eclipse.equinox.launcher.win32.win32.x86_64_1.2.1100.v20240722-2106\eclipse_11904.dll
Event: 6.604 Loaded shared library C:\Users\patil\AppData\Local\Temp\jna-106438918\jna8518499825564176882.dll

Deoptimization events (20 events):
Event: 244.871 Thread 0x000002d141818100 DEOPT PACKING pc=0x000002d130a89f74 sp=0x000000f3db8fd6c0
Event: 244.871 Thread 0x000002d141819030 DEOPT PACKING pc=0x000002d130a89f74 sp=0x000000f3dd5fd1c0
Event: 244.871 Thread 0x000002d141818100 DEOPT UNPACKING pc=0x000002d1303e9ea3 sp=0x000000f3db8fd5e0 mode 2
Event: 244.871 Thread 0x000002d141819030 DEOPT UNPACKING pc=0x000002d1303e9ea3 sp=0x000000f3dd5fd0e0 mode 2
Event: 244.871 Thread 0x000002d141818100 Uncommon trap: trap_request=0xffffffec fr.pc=0x000002d130a8993c relative=0x000000000000019c
Event: 244.871 Thread 0x000002d141818100 Uncommon trap: reason=null_assert_or_unreached0 action=make_not_entrant pc=0x000002d130a8993c method=java.util.concurrent.locks.ReentrantReadWriteLock$Sync.tryAcquireShared(I)I @ 101 c2
Event: 244.871 Thread 0x000002d141818100 DEOPT PACKING pc=0x000002d130a8993c sp=0x000000f3db8fd640
Event: 244.871 Thread 0x000002d141818100 DEOPT UNPACKING pc=0x000002d1303e9ea3 sp=0x000000f3db8fd5d0 mode 2
Event: 244.891 Thread 0x000002d141819030 Uncommon trap: trap_request=0xffffff45 fr.pc=0x000002d130b502d4 relative=0x0000000000000494
Event: 244.891 Thread 0x000002d141819030 Uncommon trap: reason=unstable_if action=reinterpret pc=0x000002d130b502d4 method=java.util.WeakHashMap.remove(Ljava/lang/Object;)Ljava/lang/Object; @ 92 c2
Event: 244.891 Thread 0x000002d141819030 DEOPT PACKING pc=0x000002d130b502d4 sp=0x000000f3dd5fd080
Event: 244.891 Thread 0x000002d141819030 DEOPT UNPACKING pc=0x000002d1303e9ea3 sp=0x000000f3dd5fcfb8 mode 2
Event: 244.903 Thread 0x000002d141818610 DEOPT PACKING pc=0x000002d1296abc7e sp=0x000000f3dbafdfb0
Event: 244.903 Thread 0x000002d141818610 DEOPT UNPACKING pc=0x000002d1303ea9e3 sp=0x000000f3dbafd4a0 mode 0
Event: 244.903 Thread 0x000002d141818610 DEOPT PACKING pc=0x000002d1296abc7e sp=0x000000f3dbafdfb0
Event: 244.903 Thread 0x000002d141818610 DEOPT UNPACKING pc=0x000002d1303ea9e3 sp=0x000000f3dbafd4a0 mode 0
Event: 244.904 Thread 0x000002d141818610 DEOPT PACKING pc=0x000002d1296abc7e sp=0x000000f3dbafdfb0
Event: 244.904 Thread 0x000002d141818610 DEOPT UNPACKING pc=0x000002d1303ea9e3 sp=0x000000f3dbafd4a0 mode 0
Event: 244.921 Thread 0x000002d1404bbdf0 DEOPT PACKING pc=0x000002d1296a284f sp=0x000000f3dd8f94d0
Event: 244.921 Thread 0x000002d1404bbdf0 DEOPT UNPACKING pc=0x000002d1303ea9e3 sp=0x000000f3dd8f8998 mode 0

Classes loaded (20 events):
Event: 244.871 Loading class java/util/concurrent/locks/ReentrantReadWriteLock$Sync$HoldCounter
Event: 244.871 Loading class java/util/concurrent/locks/ReentrantReadWriteLock$Sync$HoldCounter done
Event: 244.888 Loading class java/util/regex/PatternSyntaxException
Event: 244.888 Loading class java/util/regex/PatternSyntaxException done
Event: 244.891 Loading class java/io/FileReader
Event: 244.891 Loading class java/io/FileReader done
Event: 244.891 Loading class java/lang/UnsupportedClassVersionError
Event: 244.892 Loading class java/lang/UnsupportedClassVersionError done
Event: 244.897 Loading class jdk/internal/reflect/UnsafeQualifiedStaticIntegerFieldAccessorImpl
Event: 244.898 Loading class jdk/internal/reflect/UnsafeQualifiedStaticIntegerFieldAccessorImpl done
Event: 244.905 Loading class java/util/stream/MatchOps$MatchKind
Event: 244.906 Loading class java/util/stream/MatchOps$MatchKind done
Event: 244.906 Loading class java/util/stream/MatchOps
Event: 244.906 Loading class java/util/stream/MatchOps done
Event: 244.906 Loading class java/util/stream/MatchOps$MatchOp
Event: 244.906 Loading class java/util/stream/MatchOps$MatchOp done
Event: 244.906 Loading class java/util/stream/MatchOps$BooleanTerminalSink
Event: 244.906 Loading class java/util/stream/MatchOps$BooleanTerminalSink done
Event: 244.907 Loading class java/util/stream/MatchOps$1MatchSink
Event: 244.907 Loading class java/util/stream/MatchOps$1MatchSink done

Classes unloaded (7 events):
Event: 3.076 Thread 0x000002d1262547b0 Unloading class 0x000000010021e400 'java/lang/invoke/LambdaForm$MH+0x000000010021e400'
Event: 3.076 Thread 0x000002d1262547b0 Unloading class 0x000000010021e000 'java/lang/invoke/LambdaForm$MH+0x000000010021e000'
Event: 3.076 Thread 0x000002d1262547b0 Unloading class 0x000000010021dc00 'java/lang/invoke/LambdaForm$MH+0x000000010021dc00'
Event: 3.076 Thread 0x000002d1262547b0 Unloading class 0x000000010021d800 'java/lang/invoke/LambdaForm$MH+0x000000010021d800'
Event: 3.076 Thread 0x000002d1262547b0 Unloading class 0x000000010021d400 'java/lang/invoke/LambdaForm$BMH+0x000000010021d400'
Event: 3.076 Thread 0x000002d1262547b0 Unloading class 0x000000010021d000 'java/lang/invoke/LambdaForm$DMH+0x000000010021d000'
Event: 3.076 Thread 0x000002d1262547b0 Unloading class 0x0000000100218400 'java/lang/invoke/LambdaForm$DMH+0x0000000100218400'

Classes redefined (0 events):
No events

Internal exceptions (20 events):
Event: 244.443 Thread 0x000002d14181b8b0 Exception <a 'sun/nio/fs/WindowsException'{0x00000000ebc0d6d0}> (0x00000000ebc0d6d0) 
thrown [s\src\hotspot\share\prims\jni.cpp, line 516]
Event: 244.445 Thread 0x000002d14181b8b0 Implicit null exception at 0x000002d130accf3f to 0x000002d130acdd98
Event: 244.445 Thread 0x000002d14181b8b0 Exception <a 'java/io/FileNotFoundException'{0x00000000ebc17f50}> (0x00000000ebc17f50) 
thrown [s\src\hotspot\share\prims\jni.cpp, line 516]
Event: 244.451 Thread 0x000002d14181b8b0 Implicit null exception at 0x000002d130ad81c5 to 0x000002d130ad821b
Event: 244.452 Thread 0x000002d14181b8b0 Exception <a 'java/io/FileNotFoundException'{0x00000000ebc27f80}> (0x00000000ebc27f80) 
thrown [s\src\hotspot\share\prims\jni.cpp, line 516]
Event: 244.453 Thread 0x000002d14181b8b0 Exception <a 'java/io/FileNotFoundException'{0x00000000ebc29210}> (0x00000000ebc29210) 
thrown [s\src\hotspot\share\prims\jni.cpp, line 516]
Event: 244.453 Thread 0x000002d14181b8b0 Exception <a 'java/io/FileNotFoundException'{0x00000000ebc2a218}> (0x00000000ebc2a218) 
thrown [s\src\hotspot\share\prims\jni.cpp, line 516]
Event: 244.522 Thread 0x000002d1404bc300 Exception <a 'java/lang/NoSuchMethodError'{0x00000000eaf7cbc8}: 'java.lang.Object java.lang.invoke.DirectMethodHandle$Holder.newInvokeSpecial(java.lang.Object, java.lang.Object, java.lang.Object, java.lang.Object, java.lang.Object, java.lang.Object, java.lang.Object, java.lang.Object)'> (0x00000000eaf7cbc8) 
thrown [s\src\hotspot\share\interpreter\linkResolver.cpp, line 759]
Event: 244.523 Thread 0x000002d1404bc300 Exception <a 'java/lang/NoSuchMethodError'{0x00000000eaf81f98}: 'java.lang.Object java.lang.invoke.DirectMethodHandle$Holder.invokeSpecial(java.lang.Object, java.lang.Object, java.lang.Object, java.lang.Object, java.lang.Object, java.lang.Object, java.lang.Object, java.lang.Object, java.lang.Object)'> (0x00000000eaf81f98) 
thrown [s\src\hotspot\share\interpreter\linkResolver.cpp, line 759]
Event: 244.523 Thread 0x000002d1404bc300 Exception <a 'java/lang/NoSuchMethodError'{0x00000000eaf86ae8}: 'java.lang.Object java.lang.invoke.Invokers$Holder.linkToTargetMethod(java.lang.Object, java.lang.Object, java.lang.Object, java.lang.Object, java.lang.Object, java.lang.Object, java.lang.Object, java.lang.Object)'> (0x00000000eaf86ae8) 
thrown [s\src\hotspot\share\interpreter\linkResolver.cpp, line 759]
Event: 244.679 Thread 0x000002d1404bbdf0 Exception <a 'java/lang/NoSuchMethodError'{0x00000000eb1cde80}: 'int java.lang.invoke.DirectMethodHandle$Holder.invokeStatic(java.lang.Object)'> (0x00000000eb1cde80) 
thrown [s\src\hotspot\share\interpreter\linkResolver.cpp, line 759]
Event: 244.696 Thread 0x000002d1404bbdf0 Exception <a 'java/io/FileNotFoundException'{0x00000000eb25d480}> (0x00000000eb25d480) 
thrown [s\src\hotspot\share\prims\jni.cpp, line 516]
Event: 244.696 Thread 0x000002d1404bbdf0 Exception <a 'java/io/FileNotFoundException'{0x00000000eb25e720}> (0x00000000eb25e720) 
thrown [s\src\hotspot\share\prims\jni.cpp, line 516]
Event: 244.696 Thread 0x000002d1404bbdf0 Exception <a 'java/io/FileNotFoundException'{0x00000000eb25f970}> (0x00000000eb25f970) 
thrown [s\src\hotspot\share\prims\jni.cpp, line 516]
Event: 244.705 Thread 0x000002d1404bbdf0 Exception <a 'java/lang/NoSuchMethodError'{0x00000000eb2cd5c8}: 'java.lang.Object java.lang.invoke.DirectMethodHandle$Holder.invokeStatic(java.lang.Object, int, java.lang.Object, java.lang.Object)'> (0x00000000eb2cd5c8) 
thrown [s\src\hotspot\share\interpreter\linkResolver.cpp, line 759]
Event: 244.705 Thread 0x000002d1404bbdf0 Exception <a 'java/lang/NoSuchMethodError'{0x00000000eb2d1630}: 'java.lang.Object java.lang.invoke.DelegatingMethodHandle$Holder.delegate(java.lang.Object, int, java.lang.Object, java.lang.Object)'> (0x00000000eb2d1630) 
thrown [s\src\hotspot\share\interpreter\linkResolver.cpp, line 759]
Event: 244.707 Thread 0x000002d1404bbdf0 Exception <a 'java/lang/NoSuchMethodError'{0x00000000eb2e7378}: 'int java.lang.invoke.Invokers$Holder.linkToTargetMethod(java.lang.Object, java.lang.Object, java.lang.Object)'> (0x00000000eb2e7378) 
thrown [s\src\hotspot\share\interpreter\linkResolver.cpp, line 759]
Event: 244.725 Thread 0x000002d1404bbdf0 Exception <a 'java/lang/NoSuchMethodError'{0x00000000eb4283c0}: 'java.lang.Object java.lang.invoke.DirectMethodHandle$Holder.invokeVirtual(java.lang.Object, java.lang.Object, java.lang.Object)'> (0x00000000eb4283c0) 
thrown [s\src\hotspot\share\interpreter\linkResolver.cpp, line 759]
Event: 244.761 Thread 0x000002d1404bbdf0 Implicit null exception at 0x000002d130ae2905 to 0x000002d130ae44bc
Event: 244.856 Thread 0x000002d1404bc300 Exception <a 'java/lang/NoSuchMethodError'{0x00000000eabaec00}: 'java.lang.Object java.lang.invoke.DirectMethodHandle$Holder.invokeSpecial(java.lang.Object, java.lang.Object, int, long)'> (0x00000000eabaec00) 
thrown [s\src\hotspot\share\interpreter\linkResolver.cpp, line 759]

VM Operations (20 events):
Event: 244.183 Executing VM operation: ParallelGCFailedAllocation
Event: 244.185 Executing VM operation: ParallelGCFailedAllocation done
Event: 244.395 Executing VM operation: HandshakeAllThreads
Event: 244.395 Executing VM operation: HandshakeAllThreads done
Event: 244.464 Executing VM operation: ParallelGCFailedAllocation
Event: 244.467 Executing VM operation: ParallelGCFailedAllocation done
Event: 244.680 Executing VM operation: HandshakeAllThreads
Event: 244.680 Executing VM operation: HandshakeAllThreads done
Event: 244.760 Executing VM operation: HandshakeAllThreads
Event: 244.760 Executing VM operation: HandshakeAllThreads done
Event: 244.851 Executing VM operation: ParallelGCFailedAllocation
Event: 244.855 Executing VM operation: ParallelGCFailedAllocation done
Event: 244.911 Executing VM operation: ParallelGCFailedAllocation
Event: 244.914 Executing VM operation: ParallelGCFailedAllocation done
Event: 244.941 Executing VM operation: ParallelGCFailedAllocation
Event: 244.943 Executing VM operation: ParallelGCFailedAllocation done
Event: 244.977 Executing VM operation: ParallelGCFailedAllocation
Event: 244.979 Executing VM operation: ParallelGCFailedAllocation done
Event: 245.027 Executing VM operation: ParallelGCFailedAllocation
Event: 245.032 Executing VM operation: ParallelGCFailedAllocation done

Memory protections (0 events):
No events

Nmethod flushes (0 events):
No events

Events (20 events):
Event: 6.794 Thread 0x000002d1261c8be0 Thread added: 0x000002d14181c2d0
Event: 6.848 Thread 0x000002d1261c8be0 Thread added: 0x000002d1418162a0
Event: 7.080 Thread 0x000002d1261c8be0 Thread added: 0x000002d14181c7e0
Event: 7.080 Thread 0x000002d1261c8be0 Thread added: 0x000002d14181b8b0
Event: 7.419 Thread 0x000002d1404bbdf0 Thread added: 0x000002d1418171d0
Event: 8.102 Thread 0x000002d1409da470 Thread exited: 0x000002d1409da470
Event: 68.393 Thread 0x000002d1418171d0 Thread exited: 0x000002d1418171d0
Event: 244.486 Thread 0x000002d14181b8b0 Thread added: 0x000002d141818100
Event: 244.486 Thread 0x000002d1404bc300 Thread added: 0x000002d1418167b0
Event: 244.492 Thread 0x000002d141818100 Thread added: 0x000002d141818610
Event: 244.492 Thread 0x000002d141818610 Thread added: 0x000002d141819030
Event: 244.493 Thread 0x000002d14181b8b0 Thread added: 0x000002d14181bdc0
Event: 244.496 Thread 0x000002d1418167b0 Thread exited: 0x000002d1418167b0
Event: 244.782 Thread 0x000002d1404bbdf0 Thread added: 0x000002d14181a980
Event: 244.782 Thread 0x000002d1404bbdf0 Thread added: 0x000002d141819540
Event: 244.782 Thread 0x000002d1404bbdf0 Thread added: 0x000002d141819a50
Event: 244.782 Thread 0x000002d1404bbdf0 Thread added: 0x000002d141816cc0
Event: 244.782 Thread 0x000002d14181a980 Thread added: 0x000002d14181ccf0
Event: 244.783 Thread 0x000002d1404bbdf0 Thread added: 0x000002d14181d200
Event: 244.849 Thread 0x000002d1404bc300 Thread added: 0x000002d141819f60


Dynamic libraries:
0x00007ff7dd4f0000 - 0x00007ff7dd4fe000 	c:\Users\patil\.vscode\extensions\redhat.java-1.38.0-win32-x64\jre\17.0.13-win32-x86_64\bin\java.exe
0x00007ff8da6f0000 - 0x00007ff8da907000 	C:\WINDOWS\SYSTEM32\ntdll.dll
0x00007ff8d93c0000 - 0x00007ff8d9484000 	C:\WINDOWS\System32\KERNEL32.DLL
0x00007ff8d7e60000 - 0x00007ff8d8206000 	C:\WINDOWS\System32\KERNELBASE.dll
0x00007ff8d7a90000 - 0x00007ff8d7ba1000 	C:\WINDOWS\System32\ucrtbase.dll
0x00007ff8cdd50000 - 0x00007ff8cdd67000 	c:\Users\patil\.vscode\extensions\redhat.java-1.38.0-win32-x64\jre\17.0.13-win32-x86_64\bin\jli.dll
0x00007ff8d28d0000 - 0x00007ff8d28ee000 	c:\Users\patil\.vscode\extensions\redhat.java-1.38.0-win32-x64\jre\17.0.13-win32-x86_64\bin\VCRUNTIME140.dll
0x00007ff8d8b40000 - 0x00007ff8d8cee000 	C:\WINDOWS\System32\USER32.dll
0x00007ff8d7a60000 - 0x00007ff8d7a86000 	C:\WINDOWS\System32\win32u.dll
0x00007ff8b6f50000 - 0x00007ff8b71e3000 	C:\WINDOWS\WinSxS\amd64_microsoft.windows.common-controls_6595b64144ccf1df_6.0.22621.2506_none_270c5ae97388e100\COMCTL32.dll
0x00007ff8d9510000 - 0x00007ff8d9539000 	C:\WINDOWS\System32\GDI32.dll
0x00007ff8d9190000 - 0x00007ff8d9237000 	C:\WINDOWS\System32\msvcrt.dll
0x00007ff8d7cd0000 - 0x00007ff8d7de8000 	C:\WINDOWS\System32\gdi32full.dll
0x00007ff8d7c30000 - 0x00007ff8d7cca000 	C:\WINDOWS\System32\msvcp_win.dll
0x00007ff8da2a0000 - 0x00007ff8da2d1000 	C:\WINDOWS\System32\IMM32.DLL
0x00007ff8d2930000 - 0x00007ff8d293c000 	c:\Users\patil\.vscode\extensions\redhat.java-1.38.0-win32-x64\jre\17.0.13-win32-x86_64\bin\vcruntime140_1.dll
0x00007ff8900b0000 - 0x00007ff89013d000 	c:\Users\patil\.vscode\extensions\redhat.java-1.38.0-win32-x64\jre\17.0.13-win32-x86_64\bin\msvcp140.dll
0x00007ff842cc0000 - 0x00007ff84392b000 	c:\Users\patil\.vscode\extensions\redhat.java-1.38.0-win32-x64\jre\17.0.13-win32-x86_64\bin\server\jvm.dll
0x00007ff8d8a80000 - 0x00007ff8d8b31000 	C:\WINDOWS\System32\ADVAPI32.dll
0x00007ff8da5e0000 - 0x00007ff8da685000 	C:\WINDOWS\System32\sechost.dll
0x00007ff8da4b0000 - 0x00007ff8da5c7000 	C:\WINDOWS\System32\RPCRT4.dll
0x00007ff8d9110000 - 0x00007ff8d9181000 	C:\WINDOWS\System32\WS2_32.dll
0x00007ff8cdb20000 - 0x00007ff8cdb54000 	C:\WINDOWS\SYSTEM32\WINMM.dll
0x00007ff8d7930000 - 0x00007ff8d797d000 	C:\WINDOWS\SYSTEM32\POWRPROF.dll
0x00007ff8d1d50000 - 0x00007ff8d1d5a000 	C:\WINDOWS\SYSTEM32\VERSION.dll
0x00007ff8d7860000 - 0x00007ff8d7873000 	C:\WINDOWS\SYSTEM32\UMPDC.dll
0x00007ff8d6a60000 - 0x00007ff8d6a78000 	C:\WINDOWS\SYSTEM32\kernel.appcore.dll
0x00007ff8cdd30000 - 0x00007ff8cdd3a000 	c:\Users\patil\.vscode\extensions\redhat.java-1.38.0-win32-x64\jre\17.0.13-win32-x86_64\bin\jimage.dll
0x00007ff8d4dd0000 - 0x00007ff8d5003000 	C:\WINDOWS\SYSTEM32\DBGHELP.DLL
0x00007ff8d8d80000 - 0x00007ff8d9109000 	C:\WINDOWS\System32\combase.dll
0x00007ff8d87e0000 - 0x00007ff8d88b7000 	C:\WINDOWS\System32\OLEAUT32.dll
0x00007ff8a5bd0000 - 0x00007ff8a5c02000 	C:\WINDOWS\SYSTEM32\dbgcore.DLL
0x00007ff8d7bb0000 - 0x00007ff8d7c2a000 	C:\WINDOWS\System32\bcryptPrimitives.dll
0x00007ff8cdd20000 - 0x00007ff8cdd2e000 	c:\Users\patil\.vscode\extensions\redhat.java-1.38.0-win32-x64\jre\17.0.13-win32-x86_64\bin\instrument.dll
0x00007ff891a50000 - 0x00007ff891a75000 	c:\Users\patil\.vscode\extensions\redhat.java-1.38.0-win32-x64\jre\17.0.13-win32-x86_64\bin\java.dll
0x00007ff8bb300000 - 0x00007ff8bb318000 	c:\Users\patil\.vscode\extensions\redhat.java-1.38.0-win32-x64\jre\17.0.13-win32-x86_64\bin\zip.dll
0x00007ff8d99d0000 - 0x00007ff8da22a000 	C:\WINDOWS\System32\SHELL32.dll
0x00007ff8d5980000 - 0x00007ff8d6276000 	C:\WINDOWS\SYSTEM32\windows.storage.dll
0x00007ff8d5840000 - 0x00007ff8d597e000 	C:\WINDOWS\SYSTEM32\wintypes.dll
0x00007ff8d8540000 - 0x00007ff8d8633000 	C:\WINDOWS\System32\SHCORE.dll
0x00007ff8d9300000 - 0x00007ff8d935e000 	C:\WINDOWS\System32\shlwapi.dll
0x00007ff8d7990000 - 0x00007ff8d79b6000 	C:\WINDOWS\SYSTEM32\profapi.dll
0x00007ff8b8ae0000 - 0x00007ff8b8af9000 	C:\Users\patil\.vscode\extensions\redhat.java-1.38.0-win32-x64\jre\17.0.13-win32-x86_64\bin\net.dll
0x00007ff8cfd60000 - 0x00007ff8cfe97000 	C:\WINDOWS\SYSTEM32\WINHTTP.dll
0x00007ff8d6ee0000 - 0x00007ff8d6f49000 	C:\WINDOWS\system32\mswsock.dll
0x00007ff8a9730000 - 0x00007ff8a9746000 	C:\Users\patil\.vscode\extensions\redhat.java-1.38.0-win32-x64\jre\17.0.13-win32-x86_64\bin\nio.dll
0x00007ff8cdc70000 - 0x00007ff8cdc80000 	c:\Users\patil\.vscode\extensions\redhat.java-1.38.0-win32-x64\jre\17.0.13-win32-x86_64\bin\verify.dll
0x00007ff88ed90000 - 0x00007ff88edd5000 	C:\Users\patil\AppData\Roaming\Code\User\globalStorage\redhat.java\1.38.0\config_ss_win\org.eclipse.equinox.launcher\org.eclipse.equinox.launcher.win32.win32.x86_64_1.2.1100.v20240722-2106\eclipse_11904.dll
0x00007ff8da300000 - 0x00007ff8da4a0000 	C:\WINDOWS\System32\ole32.dll
0x00007ff8d7130000 - 0x00007ff8d714b000 	C:\WINDOWS\SYSTEM32\CRYPTSP.dll
0x00007ff8d69c0000 - 0x00007ff8d69f5000 	C:\WINDOWS\system32\rsaenh.dll
0x00007ff8d6fd0000 - 0x00007ff8d6ffc000 	C:\WINDOWS\SYSTEM32\USERENV.dll
0x00007ff8d7320000 - 0x00007ff8d7348000 	C:\WINDOWS\SYSTEM32\bcrypt.dll
0x00007ff8d7150000 - 0x00007ff8d715c000 	C:\WINDOWS\SYSTEM32\CRYPTBASE.dll
0x00007ff8d6520000 - 0x00007ff8d654d000 	C:\WINDOWS\SYSTEM32\IPHLPAPI.DLL
0x00007ff8d9240000 - 0x00007ff8d9249000 	C:\WINDOWS\System32\NSI.dll
0x00007ff8cfc50000 - 0x00007ff8cfc69000 	C:\WINDOWS\SYSTEM32\dhcpcsvc6.DLL
0x00007ff8cfac0000 - 0x00007ff8cfadf000 	C:\WINDOWS\SYSTEM32\dhcpcsvc.DLL
0x00007ff8d65a0000 - 0x00007ff8d6699000 	C:\WINDOWS\SYSTEM32\DNSAPI.dll
0x00007ff88fa70000 - 0x00007ff88fab9000 	C:\Users\patil\AppData\Local\Temp\jna-106438918\jna8518499825564176882.dll
0x00007ff8d9540000 - 0x00007ff8d9548000 	C:\WINDOWS\System32\PSAPI.DLL

dbghelp: loaded successfully - version: 4.0.5 - missing functions: none
symbol engine: initialized successfully - sym options: 0x614 - pdb path: .;c:\Users\patil\.vscode\extensions\redhat.java-1.38.0-win32-x64\jre\17.0.13-win32-x86_64\bin;C:\WINDOWS\SYSTEM32;C:\WINDOWS\WinSxS\amd64_microsoft.windows.common-controls_6595b64144ccf1df_6.0.22621.2506_none_270c5ae97388e100;c:\Users\patil\.vscode\extensions\redhat.java-1.38.0-win32-x64\jre\17.0.13-win32-x86_64\bin\server;C:\Users\patil\AppData\Roaming\Code\User\globalStorage\redhat.java\1.38.0\config_ss_win\org.eclipse.equinox.launcher\org.eclipse.equinox.launcher.win32.win32.x86_64_1.2.1100.v20240722-2106;C:\Users\patil\AppData\Local\Temp\jna-106438918

VM Arguments:
jvm_args: --add-modules=ALL-SYSTEM --add-opens=java.base/java.util=ALL-UNNAMED --add-opens=java.base/java.lang=ALL-UNNAMED --add-opens=java.base/sun.nio.fs=ALL-UNNAMED -Declipse.application=org.eclipse.jdt.ls.core.id1 -Dosgi.bundles.defaultStartLevel=4 -Declipse.product=org.eclipse.jdt.ls.core.product -Djava.import.generatesMetadataFilesAtProjectRoot=false -DDetectVMInstallationsJob.disabled=true -Dfile.encoding=utf8 -XX:+UseParallelGC -XX:GCTimeRatio=4 -XX:AdaptiveSizePolicyWeight=90 -Dsun.zip.disableMemoryMapping=true -Xmx1G -Xms100m -Xlog:disable -javaagent:c:\Users\patil\.vscode\extensions\redhat.java-1.38.0-win32-x64\lombok\lombok-1.18.34.jar 
java_command: c:\Users\patil\.vscode\extensions\redhat.java-1.38.0-win32-x64\server\plugins\org.eclipse.equinox.launcher_1.6.900.v20240613-2009.jar -configuration c:\Users\patil\AppData\Roaming\Code\User\globalStorage\redhat.java\1.38.0\config_ss_win -data c:\Users\patil\AppData\Roaming\Code\User\workspaceStorage\b331a8bfd2d564b408ac26e9b7a8cb40\redhat.java\ss_ws --pipe=\\.\pipe\lsp-10d2b17c511e9915d62d2c43d7562d75-sock
java_class_path (initial): c:\Users\patil\.vscode\extensions\redhat.java-1.38.0-win32-x64\server\plugins\org.eclipse.equinox.launcher_1.6.900.v20240613-2009.jar
Launcher Type: SUN_STANDARD

[Global flags]
    uintx AdaptiveSizePolicyWeight                 = 90                                        {product} {command line}
     intx CICompilerCount                          = 4                                         {product} {ergonomic}
    uintx GCTimeRatio                              = 4                                         {product} {command line}
   size_t InitialHeapSize                          = 104857600                                 {product} {command line}
   size_t MaxHeapSize                              = 1073741824                                {product} {command line}
   size_t MaxNewSize                               = 357564416                                 {product} {ergonomic}
   size_t MinHeapDeltaBytes                        = 524288                                    {product} {ergonomic}
   size_t MinHeapSize                              = 104857600                                 {product} {command line}
   size_t NewSize                                  = 34603008                                  {product} {ergonomic}
    uintx NonNMethodCodeHeapSize                   = 5839372                                {pd product} {ergonomic}
    uintx NonProfiledCodeHeapSize                  = 122909434                              {pd product} {ergonomic}
   size_t OldSize                                  = 70254592                                  {product} {ergonomic}
    uintx ProfiledCodeHeapSize                     = 122909434                              {pd product} {ergonomic}
    uintx ReservedCodeCacheSize                    = 251658240                              {pd product} {ergonomic}
     bool SegmentedCodeCache                       = true                                      {product} {ergonomic}
   size_t SoftMaxHeapSize                          = 1073741824                             {manageable} {ergonomic}
     bool UseCompressedClassPointers               = true                           {product lp64_product} {ergonomic}
     bool UseCompressedOops                        = true                           {product lp64_product} {ergonomic}
     bool UseLargePagesIndividualAllocation        = false                                  {pd product} {ergonomic}
     bool UseParallelGC                            = true                                      {product} {command line}

Logging:
Log output configuration:
 #0: stdout all=off uptime,level,tags
 #1: stderr all=off uptime,level,tags

Environment Variables:
PATH=C:\Users\patil\AppData\Local\Programs\Python\Python312\Scripts\;C:\Users\patil\AppData\Local\Programs\Python\Python312\;C:\Program Files\Common Files\Oracle\Java\javapath;C:\WINDOWS\system32;C:\WINDOWS;C:\WINDOWS\System32\Wbem;C:\WINDOWS\System32\WindowsPowerShell\v1.0\;C:\WINDOWS\System32\OpenSSH\;C:\Program Files\Java\jdk-18\bin;C:\Program Files\Java\jdk-18.0.1\bin;C:\MinGW\bin;C:\Program Files\MongoDB\Server\6.0\bin;C:\Program Files\dotnet\;C:\Program Files\Java\jdk-22\bin;C:\Program Files\MySQL\MySQL Server 8.0\bin;C:\Program Files\HP\HP One Agent;C:\Program Files\Git\cmd;C:\Program Files\nodejs\;C:\ProgramData\chocolatey\bin;C:\Program Files\nodejs\;C:\Users\Paresh02\AppData\Roaming\npm;C:\Program Files\MySQL\MySQL Shell 8.0\bin\;C:\Users\patil\AppData\Local\Programs\Python\Launcher\;C:\Users\patil\AppData\Local\Microsoft\WindowsApps;C:\Users\patil\AppData\Local\Programs\Microsoft VS Code\bin;C:\Program Files\JetBrains\WebStorm 2022.1.2\bin;;C:\Program Files\JetBrains\IntelliJ IDEA Community Edition 2022.1.3\bin;;C:\Program Files\MongoDB\Server\6.0\bin;C:\Program Files\JetBrains\PyCharm Community Edition 2023.3.2\bin;;C:\Users\patil\AppData\Roaming\Microsoft\Windows\Start Menu\Programs\Python 3.12;C:\Users\patil\AppData\Roaming\npm
USERNAME=patil
OS=Windows_NT
PROCESSOR_IDENTIFIER=Intel64 Family 6 Model 140 Stepping 2, GenuineIntel
TMP=C:\Users\patil\AppData\Local\Temp
TEMP=C:\Users\patil\AppData\Local\Temp



Periodic native trim disabled


---------------  S Y S T E M  ---------------

OS:
 Windows 11 , 64 bit Build 22621 (10.0.22621.2506)
OS uptime: 15 days 17:07 hours

CPU: total 8 (initial active 8) (4 cores per cpu, 2 threads per core) family 6 model 140 stepping 2 microcode 0x34, cx8, cmov, fxsr, ht, mmx, 3dnowpref, sse, sse2, sse3, ssse3, sse4.1, sse4.2, popcnt, lzcnt, tsc, tscinvbit, avx, avx2, aes, erms, clmul, bmi1, bmi2, adx, avx512f, avx512dq, avx512cd, avx512bw, avx512vl, sha, fma, vzeroupper, avx512_vpopcntdq, avx512_vpclmulqdq, avx512_vaes, avx512_vnni, clflush, clflushopt, clwb, avx512_vbmi2, avx512_vbmi
Processor Information for all 8 processors :
  Max Mhz: 2496, Current Mhz: 2496, Mhz Limit: 2496

Memory: 4k page, system-wide physical 3738M (115M free)
TotalPageFile size 15002M (AvailPageFile size 5M)
current process WorkingSet (physical memory assigned to process): 163M, peak: 163M
current process commit charge ("private bytes"): 276M, peak: 279M

vm_info: OpenJDK 64-Bit Server VM (17.0.13+11) for windows-amd64 JRE (17.0.13+11), built on Oct 16 2024 00:10:08 by "admin" with MS VC++ 17.7 (VS2022)

END.
